<?xml version="1.0" encoding="UTF-8"?>
<!-- Generated by org.testng.reporters.JUnitReportReporter -->
<testsuite hostname="DESKTOP-Q814VAM" name="vn.tripi.testing.searching.CheckFlightInformation" tests="1" failures="0" timestamp="13 Sep 2018 02:26:53 GMT" time="35.557" errors="0">
  <testcase name="TC_Flight_CheckAllInformation" time="35.557" classname="vn.tripi.testing.searching.CheckFlightInformation"/>
</testsuite> <!-- vn.tripi.testing.searching.CheckFlightInformation -->
