<?xml version="1.0" encoding="UTF-8"?>
<!-- Generated by org.testng.reporters.JUnitReportReporter -->
<testsuite hostname="DESKTOP-Q814VAM" name="vn.tripi.testing.searching.FlightBookTicketOneTrip" tests="1" failures="0" timestamp="7 Sep 2018 08:43:36 GMT" time="60.218" errors="0">
  <testcase name="TC_01_BookingTicketOneTrip" time="60.218" classname="vn.tripi.testing.searching.FlightBookTicketOneTrip"/>
</testsuite> <!-- vn.tripi.testing.searching.FlightBookTicketOneTrip -->
