<?xml version="1.0" encoding="UTF-8"?>
<!-- Generated by org.testng.reporters.JUnitReportReporter -->
<testsuite hostname="DESKTOP-Q814VAM" name="vn.tripi.testing.searching.ValidateLoginForm" tests="2" failures="0" timestamp="8 Sep 2018 10:10:08 GMT" time="23.515" errors="0">
  <testcase name="TC_02_ValidateUsername" time="6.179" classname="vn.tripi.testing.searching.ValidateLoginForm"/>
  <testcase name="TC_01_ValidatePassword" time="17.336" classname="vn.tripi.testing.searching.ValidateLoginForm"/>
</testsuite> <!-- vn.tripi.testing.searching.ValidateLoginForm -->
