<?xml version="1.0" encoding="UTF-8"?>
<!-- Generated by org.testng.reporters.JUnitReportReporter -->
<testsuite hostname="DESKTOP-Q814VAM" name="vn.tripi.testing.searching.FilterOrder" tests="2" failures="0" timestamp="8 Sep 2018 10:31:22 GMT" time="39.506" errors="0">
  <testcase name="TC_01_Filterorder" time="25.068" classname="vn.tripi.testing.searching.FilterOrder"/>
  <testcase name="TC_02_FilterBookingCode" time="14.438" classname="vn.tripi.testing.searching.FilterOrder"/>
</testsuite> <!-- vn.tripi.testing.searching.FilterOrder -->
