<?xml version="1.0" encoding="UTF-8"?>
<!-- Generated by org.testng.reporters.JUnitReportReporter -->
<testsuite hostname="DESKTOP-Q814VAM" name="vn.tripi.testing.searching.FLightValidate" tests="2" failures="0" timestamp="8 Sep 2018 08:43:11 GMT" time="26.571" errors="0">
  <testcase name="TC_01_Validatesamedestination" time="13.452" classname="vn.tripi.testing.searching.FLightValidate"/>
  <testcase name="TC_02_NoSearchResults" time="13.119" classname="vn.tripi.testing.searching.FLightValidate"/>
</testsuite> <!-- vn.tripi.testing.searching.FLightValidate -->
